<?xml version="1.0" encoding="UTF-8"?>
<!-- Generated by org.testng.reporters.JUnitReportReporter -->
<testsuite hostname="Kowshic_PC" name="google.NewTest" tests="5" failures="0" timestamp="26 Feb 2017 11:25:58 GMT" time="0.043" errors="0">
  <testcase name="dependsongrp" time="0.006" classname="google.NewTest"/>
  <testcase name="show" time="0.004" classname="google.NewTest"/>
  <testcase name="f" time="0.010" classname="google.NewTest"/>
  <testcase name="dance" time="0.019" classname="google.NewTest"/>
  <testcase name="f" time="0.004" classname="google.NewTest"/>
</testsuite> <!-- google.NewTest -->
