<?xml version="1.0" encoding="UTF-8"?>
<!-- Generated by org.testng.reporters.JUnitReportReporter -->
<testsuite hostname="Kowshic_PC" name="google.testnew" tests="2" failures="0" timestamp="26 Feb 2017 11:25:58 GMT" time="0.013" errors="0">
  <testcase name="m" time="0.010" classname="google.testnew"/>
  <testcase name="f" time="0.003" classname="google.testnew"/>
</testsuite> <!-- google.testnew -->
